c:\users\bruno\onedrive\ambiente de trabalho\projectos c++\sopadeletras\sopadeletras\x64\debug\vc142.pdb
c:\users\bruno\onedrive\ambiente de trabalho\projectos c++\sopadeletras\sopadeletras\x64\debug\vc142.idb
c:\users\bruno\onedrive\ambiente de trabalho\projectos c++\sopadeletras\sopadeletras\x64\debug\word.nativecodeanalysis.sarif
c:\users\bruno\onedrive\ambiente de trabalho\projectos c++\sopadeletras\sopadeletras\x64\debug\word.nativecodeanalysis.xml
c:\users\bruno\onedrive\ambiente de trabalho\projectos c++\sopadeletras\sopadeletras\x64\debug\sopadeletras.nativecodeanalysis.sarif
c:\users\bruno\onedrive\ambiente de trabalho\projectos c++\sopadeletras\sopadeletras\x64\debug\sopadeletras.nativecodeanalysis.xml
c:\users\bruno\onedrive\ambiente de trabalho\projectos c++\sopadeletras\sopadeletras\x64\debug\rookie.nativecodeanalysis.sarif
c:\users\bruno\onedrive\ambiente de trabalho\projectos c++\sopadeletras\sopadeletras\x64\debug\rookie.nativecodeanalysis.xml
c:\users\bruno\onedrive\ambiente de trabalho\projectos c++\sopadeletras\sopadeletras\x64\debug\ponto.nativecodeanalysis.sarif
c:\users\bruno\onedrive\ambiente de trabalho\projectos c++\sopadeletras\sopadeletras\x64\debug\ponto.nativecodeanalysis.xml
c:\users\bruno\onedrive\ambiente de trabalho\projectos c++\sopadeletras\sopadeletras\x64\debug\player.nativecodeanalysis.sarif
c:\users\bruno\onedrive\ambiente de trabalho\projectos c++\sopadeletras\sopadeletras\x64\debug\player.nativecodeanalysis.xml
c:\users\bruno\onedrive\ambiente de trabalho\projectos c++\sopadeletras\sopadeletras\x64\debug\master.nativecodeanalysis.sarif
c:\users\bruno\onedrive\ambiente de trabalho\projectos c++\sopadeletras\sopadeletras\x64\debug\master.nativecodeanalysis.xml
c:\users\bruno\onedrive\ambiente de trabalho\projectos c++\sopadeletras\sopadeletras\x64\debug\game.nativecodeanalysis.sarif
c:\users\bruno\onedrive\ambiente de trabalho\projectos c++\sopadeletras\sopadeletras\x64\debug\game.nativecodeanalysis.xml
c:\users\bruno\onedrive\ambiente de trabalho\projectos c++\sopadeletras\sopadeletras\x64\debug\char.nativecodeanalysis.sarif
c:\users\bruno\onedrive\ambiente de trabalho\projectos c++\sopadeletras\sopadeletras\x64\debug\char.nativecodeanalysis.xml
c:\users\bruno\onedrive\ambiente de trabalho\projectos c++\sopadeletras\sopadeletras\x64\debug\board.nativecodeanalysis.sarif
c:\users\bruno\onedrive\ambiente de trabalho\projectos c++\sopadeletras\sopadeletras\x64\debug\board.nativecodeanalysis.xml
c:\users\bruno\onedrive\ambiente de trabalho\projectos c++\sopadeletras\sopadeletras\x64\debug\board.obj
c:\users\bruno\onedrive\ambiente de trabalho\projectos c++\sopadeletras\sopadeletras\x64\debug\char.obj
c:\users\bruno\onedrive\ambiente de trabalho\projectos c++\sopadeletras\sopadeletras\x64\debug\game.obj
c:\users\bruno\onedrive\ambiente de trabalho\projectos c++\sopadeletras\sopadeletras\x64\debug\master.obj
c:\users\bruno\onedrive\ambiente de trabalho\projectos c++\sopadeletras\sopadeletras\x64\debug\player.obj
c:\users\bruno\onedrive\ambiente de trabalho\projectos c++\sopadeletras\sopadeletras\x64\debug\ponto.obj
c:\users\bruno\onedrive\ambiente de trabalho\projectos c++\sopadeletras\sopadeletras\x64\debug\rookie.obj
c:\users\bruno\onedrive\ambiente de trabalho\projectos c++\sopadeletras\sopadeletras\x64\debug\sopadeletras.obj
c:\users\bruno\onedrive\ambiente de trabalho\projectos c++\sopadeletras\sopadeletras\x64\debug\word.obj
c:\users\bruno\onedrive\ambiente de trabalho\projectos c++\sopadeletras\x64\debug\sopadeletras.ilk
c:\users\bruno\onedrive\ambiente de trabalho\projectos c++\sopadeletras\x64\debug\sopadeletras.exe
c:\users\bruno\onedrive\ambiente de trabalho\projectos c++\sopadeletras\x64\debug\sopadeletras.pdb
c:\users\bruno\onedrive\ambiente de trabalho\projectos c++\sopadeletras\sopadeletras\x64\debug\vc.nativecodeanalysis.all.xml
c:\users\bruno\onedrive\ambiente de trabalho\projectos c++\sopadeletras\sopadeletras\x64\debug\sopadeletras.tlog\cl.command.1.tlog
c:\users\bruno\onedrive\ambiente de trabalho\projectos c++\sopadeletras\sopadeletras\x64\debug\sopadeletras.tlog\cl.read.1.tlog
c:\users\bruno\onedrive\ambiente de trabalho\projectos c++\sopadeletras\sopadeletras\x64\debug\sopadeletras.tlog\cl.write.1.tlog
c:\users\bruno\onedrive\ambiente de trabalho\projectos c++\sopadeletras\sopadeletras\x64\debug\sopadeletras.tlog\link.command.1.tlog
c:\users\bruno\onedrive\ambiente de trabalho\projectos c++\sopadeletras\sopadeletras\x64\debug\sopadeletras.tlog\link.read.1.tlog
c:\users\bruno\onedrive\ambiente de trabalho\projectos c++\sopadeletras\sopadeletras\x64\debug\sopadeletras.tlog\link.write.1.tlog
